#
# A fatal error has been detected by the Java Runtime Environment:
#
#  EXCEPTION_ACCESS_VIOLATION (0xc0000005) at pc=0x000000005d16d815, pid=37044, tid=0x000000000000f178
#
# JRE version: Java(TM) SE Runtime Environment (8.0_161-b12) (build 1.8.0_161-b12)
# Java VM: Java HotSpot(TM) 64-Bit Server VM (25.161-b12 mixed mode windows-amd64 compressed oops)
# Problematic frame:
# V  [jvm.dll+0x40d815]
#
# Failed to write core dump. Minidumps are not enabled by default on client versions of Windows
#
# If you would like to submit a bug report, please visit:
#   http://bugreport.java.com/bugreport/crash.jsp
#

---------------  T H R E A D  ---------------

Current thread (0x000000002ad6a800):  JavaThread "C1 CompilerThread3" daemon [_thread_in_native, id=61816, stack(0x000000002b7a0000,0x000000002b8a0000)]

siginfo: ExceptionCode=0xc0000005, reading address 0x0000000000000018

Registers:
RAX=0x0000000000000000, RBX=0x0000000000000000, RCX=0x000000002b89eea0, RDX=0x0000000032ee9dd0
RSP=0x000000002b89ede0, RBP=0x000000002b89ef50, RSI=0x000000002b89f1e0, RDI=0x000000002b89f1e0
R8 =0x000000002b89eea0, R9 =0x0000000032ee9dd0, R10=0x0000000032ee7e80, R11=0x000000005d3ba478
R12=0x0000000032ee9dd0, R13=0x000000002b89eea0, R14=0x0000000032ee6e00, R15=0x0000000032ee9d30
RIP=0x000000005d16d815, EFLAGS=0x0000000000010202

Top of Stack: (sp=0x000000002b89ede0)
0x000000002b89ede0:   0000000000000000 0000000000000003
0x000000002b89edf0:   0000000032ee9ae0 0000000000000003
0x000000002b89ee00:   0000000000000000 000000005d0179a9
0x000000002b89ee10:   0000000000000000 000000005d173f81
0x000000002b89ee20:   00000000000000b8 0000000000000000
0x000000002b89ee30:   000000002b89f1e0 000000005d1ae8d1
0x000000002b89ee40:   0000000000000001 0000000000000000
0x000000002b89ee50:   0000000032ee70c0 000000002b89f1e0
0x000000002b89ee60:   0000000000000000 000000005d175bf0
0x000000002b89ee70:   0000000032ee9d30 000000002b89ef50
0x000000002b89ee80:   000000002b89f1e0 000000002b89f1e0
0x000000002b89ee90:   0000000032ee9dd0 000000005d16bdbe
0x000000002b89eea0:   000000005d3c2268 000000002b89f4e0
0x000000002b89eeb0:   0000000032ee9dd0 000000000000002f
0x000000002b89eec0:   0000000032ee9dd0 000000005d178dca
0x000000002b89eed0:   0000000000000000 000000002b89ef50 

Instructions: (pc=0x000000005d16d815)
0x000000005d16d7f5:   c3 cc cc cc cc cc cc cc cc cc cc 40 53 57 41 54
0x000000005d16d805:   41 55 48 83 ec 68 48 8b 42 70 4c 8b e9 4c 8b e2
0x000000005d16d815:   48 8b 48 18 48 8b 01 ff 50 18 84 c0 74 29 4d 8b
0x000000005d16d825:   44 24 70 49 8b 84 24 80 00 00 00 41 8b 4c 24 78 


Register to memory mapping:

RAX=0x0000000000000000 is an unknown value
RBX=0x0000000000000000 is an unknown value
RCX=0x000000002b89eea0 is pointing into the stack for thread: 0x000000002ad6a800
RDX=0x0000000032ee9dd0 is an unknown value
RSP=0x000000002b89ede0 is pointing into the stack for thread: 0x000000002ad6a800
RBP=0x000000002b89ef50 is pointing into the stack for thread: 0x000000002ad6a800
RSI=0x000000002b89f1e0 is pointing into the stack for thread: 0x000000002ad6a800
RDI=0x000000002b89f1e0 is pointing into the stack for thread: 0x000000002ad6a800
R8 =0x000000002b89eea0 is pointing into the stack for thread: 0x000000002ad6a800
R9 =0x0000000032ee9dd0 is an unknown value
R10=0x0000000032ee7e80 is an unknown value
R11=0x000000005d3ba478 is an unknown value
R12=0x0000000032ee9dd0 is an unknown value
R13=0x000000002b89eea0 is pointing into the stack for thread: 0x000000002ad6a800
R14=0x0000000032ee6e00 is an unknown value
R15=0x0000000032ee9d30 is an unknown value


Stack: [0x000000002b7a0000,0x000000002b8a0000],  sp=0x000000002b89ede0,  free space=1019k
Native frames: (J=compiled Java code, j=interpreted, Vv=VM code, C=native code)
V  [jvm.dll+0x40d815]
V  [jvm.dll+0x415bf0]
V  [jvm.dll+0x418dca]
V  [jvm.dll+0x41fc92]
V  [jvm.dll+0x4205ed]
V  [jvm.dll+0x4209e2]
V  [jvm.dll+0x425ad5]
V  [jvm.dll+0x425be0]
V  [jvm.dll+0x40f178]
V  [jvm.dll+0x40f3e1]
V  [jvm.dll+0x40f5a2]
V  [jvm.dll+0x40f771]
V  [jvm.dll+0x40f97f]
V  [jvm.dll+0xa6052]
V  [jvm.dll+0xa699f]
V  [jvm.dll+0x24533f]
V  [jvm.dll+0x29cc4a]
C  [msvcr100.dll+0x21d9f]
C  [msvcr100.dll+0x21e3b]
C  [KERNEL32.DLL+0x11fe4]
C  [ntdll.dll+0x6f061]


Current CompileTask:
C1:  33434 8847       3       org.wickedsource.budgeteer.web.pages.user.login.LoginCredentials$$EnhancerLAZY$$af5e6177::getCallback (95 bytes)


---------------  P R O C E S S  ---------------

Java Threads: ( => current thread )
  0x000000002d312000 JavaThread "http-nio-8080-exec-3" daemon [_thread_in_Java, id=64612, stack(0x0000000040190000,0x0000000040290000)]
  0x000000002d311800 JavaThread "ModificationWatcher Task" daemon [_thread_blocked, id=74324, stack(0x000000003faf0000,0x000000003fbf0000)]
  0x000000002d313800 JavaThread "Wicket-PageSavingThread" daemon [_thread_blocked, id=62552, stack(0x000000003f9f0000,0x000000003faf0000)]
  0x000000002d314800 JavaThread "http-nio-8080-exec-2" daemon [_thread_blocked, id=68836, stack(0x000000003f8f0000,0x000000003f9f0000)]
  0x000000002d316000 JavaThread "http-nio-8080-exec-1" daemon [_thread_blocked, id=39104, stack(0x000000003f7f0000,0x000000003f8f0000)]
  0x000000002d30a000 JavaThread "DestroyJavaVM" [_thread_blocked, id=73940, stack(0x0000000004f00000,0x0000000005000000)]
  0x000000002d310800 JavaThread "http-nio-8080-AsyncTimeout" daemon [_thread_blocked, id=46440, stack(0x000000003f3d0000,0x000000003f4d0000)]
  0x000000002d30a800 JavaThread "http-nio-8080-Acceptor-0" daemon [_thread_in_native, id=59816, stack(0x000000003f2d0000,0x000000003f3d0000)]
  0x000000002d310000 JavaThread "http-nio-8080-ClientPoller-1" daemon [_thread_in_native, id=70976, stack(0x000000003ef10000,0x000000003f010000)]
  0x00000000308bf800 JavaThread "http-nio-8080-ClientPoller-0" daemon [_thread_in_native, id=73572, stack(0x000000003ee10000,0x000000003ef10000)]
  0x00000000334f5800 JavaThread "NioBlockingSelector.BlockPoller-1" daemon [_thread_in_native, id=29952, stack(0x000000003b900000,0x000000003ba00000)]
  0x000000002af96800 JavaThread "Abandoned connection cleanup thread" daemon [_thread_blocked, id=67892, stack(0x0000000037250000,0x0000000037350000)]
  0x000000003ac20000 JavaThread "Tomcat JDBC Pool Cleaner[414493378:1529056926506]" daemon [_thread_blocked, id=62324, stack(0x0000000037150000,0x0000000037250000)]
  0x00000000331f5000 JavaThread "container-0" [_thread_blocked, id=70484, stack(0x0000000031170000,0x0000000031270000)]
  0x000000003529f000 JavaThread "ContainerBackgroundProcessor[StandardEngine[Tomcat]]" daemon [_thread_blocked, id=4172, stack(0x0000000031070000,0x0000000031170000)]
  0x000000002bd15000 JavaThread "FileSystemWatcher: files=#215 cl=sun.misc.Launcher$AppClassLoader@18b4aac2" daemon [_thread_blocked, id=45360, stack(0x000000002ca70000,0x000000002cb70000)]
  0x000000002adf6800 JavaThread "Service Thread" daemon [_thread_blocked, id=13544, stack(0x000000002b8a0000,0x000000002b9a0000)]
=>0x000000002ad6a800 JavaThread "C1 CompilerThread3" daemon [_thread_in_native, id=61816, stack(0x000000002b7a0000,0x000000002b8a0000)]
  0x000000002ad6a000 JavaThread "C2 CompilerThread2" daemon [_thread_in_native, id=28368, stack(0x000000002b6a0000,0x000000002b7a0000)]
  0x000000002ad67000 JavaThread "C2 CompilerThread1" daemon [_thread_in_native, id=70336, stack(0x000000002b5a0000,0x000000002b6a0000)]
  0x000000002ad63800 JavaThread "C2 CompilerThread0" daemon [_thread_in_native, id=73184, stack(0x000000002b4a0000,0x000000002b5a0000)]
  0x000000002ad58000 JavaThread "JDWP Event Helper Thread" daemon [_thread_blocked, id=37352, stack(0x000000002b3a0000,0x000000002b4a0000)]
  0x000000002ad41800 JavaThread "JDWP Transport Listener: dt_socket" daemon [_thread_in_native, id=25104, stack(0x000000002b2a0000,0x000000002b3a0000)]
  0x000000002a1b6000 JavaThread "Attach Listener" daemon [_thread_blocked, id=48244, stack(0x000000002a9a0000,0x000000002aaa0000)]
  0x000000002a1b5000 JavaThread "Signal Dispatcher" daemon [_thread_blocked, id=18152, stack(0x000000002a8a0000,0x000000002a9a0000)]
  0x000000002a1a0800 JavaThread "Finalizer" daemon [_thread_blocked, id=17656, stack(0x000000002a580000,0x000000002a680000)]
  0x00000000282b0800 JavaThread "Reference Handler" daemon [_thread_blocked, id=5816, stack(0x000000002a080000,0x000000002a180000)]

Other Threads:
  0x00000000282a8800 VMThread [stack: 0x0000000029f80000,0x000000002a080000] [id=38436]
  0x000000002ad72800 WatcherThread [stack: 0x000000002b9a0000,0x000000002baa0000] [id=51500]

VM state:not at safepoint (normal execution)

VM Mutex/Monitor currently owned by a thread: None

Heap:
 PSYoungGen      total 526336K, used 325894K [0x0000000715d00000, 0x0000000739d00000, 0x00000007c0000000)
  eden space 502272K, 64% used [0x0000000715d00000,0x0000000729b41b10,0x0000000734780000)
  from space 24064K, 0% used [0x0000000736300000,0x0000000736300000,0x0000000737a80000)
  to   space 28160K, 0% used [0x0000000734780000,0x0000000734780000,0x0000000736300000)
 ParOldGen       total 478720K, used 53998K [0x00000005c1600000, 0x00000005de980000, 0x0000000715d00000)
  object space 478720K, 11% used [0x00000005c1600000,0x00000005c4abbbe8,0x00000005de980000)
 Metaspace       used 65183K, capacity 66024K, committed 66304K, reserved 1107968K
  class space    used 7145K, capacity 7353K, committed 7424K, reserved 1048576K

Card table byte_map: [0x0000000014620000,0x0000000015620000] byte_map_base: 0x0000000011815000

Marking Bits: (ParMarkBitMap*) 0x000000005d57f860
 Begin Bits: [0x00000000168d0000, 0x000000001e878000)
 End Bits:   [0x000000001e878000, 0x0000000026820000)

Polling page: 0x0000000004e90000

CodeCache: size=245760Kb used=28360Kb max_used=28373Kb free=217399Kb
 bounds [0x0000000005260000, 0x0000000006e40000, 0x0000000014260000]
 total_blobs=7691 nmethods=7132 adapters=478
 compilation: enabled

Compilation events (10 events):
Event: 33.395 Thread 0x000000002ad6a800 nmethod 8842 0x0000000006e12490 code [0x0000000006e12600, 0x0000000006e12868]
Event: 33.395 Thread 0x000000002ad6a800 8843       3       org.apache.wicket.Page::<init> (7 bytes)
Event: 33.395 Thread 0x000000002ad6a800 nmethod 8843 0x0000000006e120d0 code [0x0000000006e12240, 0x0000000006e123e8]
Event: 33.395 Thread 0x000000002ad6a800 8844       3       org.wickedsource.budgeteer.web.pages.user.login.LoginPage::setVersioned (34 bytes)
Event: 33.396 Thread 0x000000002ad6a800 nmethod 8844 0x0000000006e298d0 code [0x0000000006e29b00, 0x0000000006e2a588]
Event: 33.396 Thread 0x000000002ad6a800 8845       3       org.wickedsource.budgeteer.web.pages.base.dialogpage.DialogPage::setVersioned (34 bytes)
Event: 33.396 Thread 0x000000002ad6a800 nmethod 8845 0x0000000006e28e10 code [0x0000000006e28fe0, 0x0000000006e296c8]
Event: 33.396 Thread 0x000000002ad6a800 8846       3       org.wicketstuff.lazymodel.LazyModel::from (32 bytes)
Event: 33.397 Thread 0x000000002ad6a800 nmethod 8846 0x0000000006e28090 code [0x0000000006e28260, 0x0000000006e289b8]
Event: 33.397 Thread 0x000000002ad6a800 8847       3       org.wickedsource.budgeteer.web.pages.user.login.LoginCredentials$$EnhancerLAZY$$af5e6177::getCallback (95 bytes)

GC Heap History (10 events):
Event: 7.139 GC heap before
{Heap before GC invocations=9 (full 2):
 PSYoungGen      total 304128K, used 14144K [0x0000000715d00000, 0x0000000732480000, 0x00000007c0000000)
  eden space 289280K, 0% used [0x0000000715d00000,0x0000000715d00000,0x0000000727780000)
  from space 14848K, 95% used [0x0000000727780000,0x00000007285501c8,0x0000000728600000)
  to   space 16384K, 0% used [0x0000000731480000,0x0000000731480000,0x0000000732480000)
 ParOldGen       total 205824K, used 11754K [0x00000005c1600000, 0x00000005cdf00000, 0x0000000715d00000)
  object space 205824K, 5% used [0x00000005c1600000,0x00000005c217a8f0,0x00000005cdf00000)
 Metaspace       used 34748K, capacity 35138K, committed 35416K, reserved 1081344K
  class space    used 3936K, capacity 4044K, committed 4096K, reserved 1048576K
Event: 7.236 GC heap after
Heap after GC invocations=9 (full 2):
 PSYoungGen      total 304128K, used 0K [0x0000000715d00000, 0x0000000732480000, 0x00000007c0000000)
  eden space 289280K, 0% used [0x0000000715d00000,0x0000000715d00000,0x0000000727780000)
  from space 14848K, 0% used [0x0000000727780000,0x0000000727780000,0x0000000728600000)
  to   space 16384K, 0% used [0x0000000731480000,0x0000000731480000,0x0000000732480000)
 ParOldGen       total 327168K, used 24096K [0x00000005c1600000, 0x00000005d5580000, 0x0000000715d00000)
  object space 327168K, 7% used [0x00000005c1600000,0x00000005c2d88160,0x00000005d5580000)
 Metaspace       used 34748K, capacity 35138K, committed 35416K, reserved 1081344K
  class space    used 3936K, capacity 4044K, committed 4096K, reserved 1048576K
}
Event: 9.258 GC heap before
{Heap before GC invocations=10 (full 2):
 PSYoungGen      total 304128K, used 289280K [0x0000000715d00000, 0x0000000732480000, 0x00000007c0000000)
  eden space 289280K, 100% used [0x0000000715d00000,0x0000000727780000,0x0000000727780000)
  from space 14848K, 0% used [0x0000000727780000,0x0000000727780000,0x0000000728600000)
  to   space 16384K, 0% used [0x0000000731480000,0x0000000731480000,0x0000000732480000)
 ParOldGen       total 327168K, used 24096K [0x00000005c1600000, 0x00000005d5580000, 0x0000000715d00000)
  object space 327168K, 7% used [0x00000005c1600000,0x00000005c2d88160,0x00000005d5580000)
 Metaspace       used 46489K, capacity 46936K, committed 47360K, reserved 1091584K
  class space    used 5275K, capacity 5365K, committed 5376K, reserved 1048576K
Event: 9.277 GC heap after
Heap after GC invocations=10 (full 2):
 PSYoungGen      total 426496K, used 16050K [0x0000000715d00000, 0x0000000732480000, 0x00000007c0000000)
  eden space 410112K, 0% used [0x0000000715d00000,0x0000000715d00000,0x000000072ed80000)
  from space 16384K, 97% used [0x0000000731480000,0x000000073242caa0,0x0000000732480000)
  to   space 17920K, 0% used [0x0000000730180000,0x0000000730180000,0x0000000731300000)
 ParOldGen       total 327168K, used 24104K [0x00000005c1600000, 0x00000005d5580000, 0x0000000715d00000)
  object space 327168K, 7% used [0x00000005c1600000,0x00000005c2d8a160,0x00000005d5580000)
 Metaspace       used 46489K, capacity 46936K, committed 47360K, reserved 1091584K
  class space    used 5275K, capacity 5365K, committed 5376K, reserved 1048576K
}
Event: 12.401 GC heap before
{Heap before GC invocations=11 (full 2):
 PSYoungGen      total 426496K, used 426162K [0x0000000715d00000, 0x0000000732480000, 0x00000007c0000000)
  eden space 410112K, 100% used [0x0000000715d00000,0x000000072ed80000,0x000000072ed80000)
  from space 16384K, 97% used [0x0000000731480000,0x000000073242caa0,0x0000000732480000)
  to   space 17920K, 0% used [0x0000000730180000,0x0000000730180000,0x0000000731300000)
 ParOldGen       total 327168K, used 24104K [0x00000005c1600000, 0x00000005d5580000, 0x0000000715d00000)
  object space 327168K, 7% used [0x00000005c1600000,0x00000005c2d8a160,0x00000005d5580000)
 Metaspace       used 54858K, capacity 55340K, committed 55680K, reserved 1099776K
  class space    used 6120K, capacity 6243K, committed 6272K, reserved 1048576K
Event: 12.426 GC heap after
Heap after GC invocations=11 (full 2):
 PSYoungGen      total 448512K, used 17904K [0x0000000715d00000, 0x0000000737a80000, 0x00000007c0000000)
  eden space 430592K, 0% used [0x0000000715d00000,0x0000000715d00000,0x0000000730180000)
  from space 17920K, 99% used [0x0000000730180000,0x00000007312fc030,0x0000000731300000)
  to   space 24064K, 0% used [0x0000000736300000,0x0000000736300000,0x0000000737a80000)
 ParOldGen       total 327168K, used 34583K [0x00000005c1600000, 0x00000005d5580000, 0x0000000715d00000)
  object space 327168K, 10% used [0x00000005c1600000,0x00000005c37c5f30,0x00000005d5580000)
 Metaspace       used 54858K, capacity 55340K, committed 55680K, reserved 1099776K
  class space    used 6120K, capacity 6243K, committed 6272K, reserved 1048576K
}
Event: 14.138 GC heap before
{Heap before GC invocations=12 (full 2):
 PSYoungGen      total 448512K, used 230305K [0x0000000715d00000, 0x0000000737a80000, 0x00000007c0000000)
  eden space 430592K, 49% used [0x0000000715d00000,0x0000000722c6c3e8,0x0000000730180000)
  from space 17920K, 99% used [0x0000000730180000,0x00000007312fc030,0x0000000731300000)
  to   space 24064K, 0% used [0x0000000736300000,0x0000000736300000,0x0000000737a80000)
 ParOldGen       total 327168K, used 34583K [0x00000005c1600000, 0x00000005d5580000, 0x0000000715d00000)
  object space 327168K, 10% used [0x00000005c1600000,0x00000005c37c5f30,0x00000005d5580000)
 Metaspace       used 58109K, capacity 58706K, committed 59028K, reserved 1101824K
  class space    used 6428K, capacity 6580K, committed 6656K, reserved 1048576K
Event: 14.161 GC heap after
Heap after GC invocations=12 (full 2):
 PSYoungGen      total 526336K, used 24057K [0x0000000715d00000, 0x0000000739d00000, 0x00000007c0000000)
  eden space 502272K, 0% used [0x0000000715d00000,0x0000000715d00000,0x0000000734780000)
  from space 24064K, 99% used [0x0000000736300000,0x0000000737a7e590,0x0000000737a80000)
  to   space 28160K, 0% used [0x0000000734780000,0x0000000734780000,0x0000000736300000)
 ParOldGen       total 327168K, used 37713K [0x00000005c1600000, 0x00000005d5580000, 0x0000000715d00000)
  object space 327168K, 11% used [0x00000005c1600000,0x00000005c3ad4768,0x00000005d5580000)
 Metaspace       used 58109K, capacity 58706K, committed 59028K, reserved 1101824K
  class space    used 6428K, capacity 6580K, committed 6656K, reserved 1048576K
}
Event: 14.161 GC heap before
{Heap before GC invocations=13 (full 3):
 PSYoungGen      total 526336K, used 24057K [0x0000000715d00000, 0x0000000739d00000, 0x00000007c0000000)
  eden space 502272K, 0% used [0x0000000715d00000,0x0000000715d00000,0x0000000734780000)
  from space 24064K, 99% used [0x0000000736300000,0x0000000737a7e590,0x0000000737a80000)
  to   space 28160K, 0% used [0x0000000734780000,0x0000000734780000,0x0000000736300000)
 ParOldGen       total 327168K, used 37713K [0x00000005c1600000, 0x00000005d5580000, 0x0000000715d00000)
  object space 327168K, 11% used [0x00000005c1600000,0x00000005c3ad4768,0x00000005d5580000)
 Metaspace       used 58109K, capacity 58706K, committed 59028K, reserved 1101824K
  class space    used 6428K, capacity 6580K, committed 6656K, reserved 1048576K
Event: 14.365 GC heap after
Heap after GC invocations=13 (full 3):
 PSYoungGen      total 526336K, used 0K [0x0000000715d00000, 0x0000000739d00000, 0x00000007c0000000)
  eden space 502272K, 0% used [0x0000000715d00000,0x0000000715d00000,0x0000000734780000)
  from space 24064K, 0% used [0x0000000736300000,0x0000000736300000,0x0000000737a80000)
  to   space 28160K, 0% used [0x0000000734780000,0x0000000734780000,0x0000000736300000)
 ParOldGen       total 478720K, used 53998K [0x00000005c1600000, 0x00000005de980000, 0x0000000715d00000)
  object space 478720K, 11% used [0x00000005c1600000,0x00000005c4abbbe8,0x00000005de980000)
 Metaspace       used 58109K, capacity 58706K, committed 59028K, reserved 1101824K
  class space    used 6428K, capacity 6580K, committed 6656K, reserved 1048576K
}

Deoptimization events (10 events):
Event: 32.564 Thread 0x000000002d314800 Uncommon trap: reason=unstable_if action=reinterpret pc=0x000000000662e1ac method=org.hsqldb.Scanner.scanCommentAsInlineSeparator()Z @ 113
Event: 32.566 Thread 0x000000002d314800 Uncommon trap: reason=unstable_if action=reinterpret pc=0x00000000066116d0 method=org.hsqldb.map.BaseHashMap.addOrRemove(JJLjava/lang/Object;Ljava/lang/Object;Z)Ljava/lang/Object; @ 707
Event: 32.582 Thread 0x000000002d314800 Uncommon trap: reason=unstable_if action=reinterpret pc=0x0000000006958b74 method=org.springsource.loaded.ri.ReflectiveInterceptor.asAccessibleConstructor(Ljava/lang/reflect/Constructor;Z)Ljava/lang/reflect/Constructor; @ 38
Event: 32.583 Thread 0x000000002d314800 Uncommon trap: reason=unstable_if action=reinterpret pc=0x000000000597d634 method=java.util.regex.Pattern$Curly.match0(Ljava/util/regex/Matcher;IILjava/lang/CharSequence;)Z @ 5
Event: 32.583 Thread 0x000000002d314800 Uncommon trap: reason=unstable_if action=reinterpret pc=0x0000000005d07610 method=java.util.regex.Pattern$Curly.match0(Ljava/util/regex/Matcher;IILjava/lang/CharSequence;)Z @ 66
Event: 32.588 Thread 0x000000002d314800 Uncommon trap: reason=unstable_if action=reinterpret pc=0x0000000005376240 method=java.lang.AbstractStringBuilder.append([CII)Ljava/lang/AbstractStringBuilder; @ 1
Event: 32.595 Thread 0x000000002d314800 Uncommon trap: reason=unstable_if action=reinterpret pc=0x000000000543b3d4 method=org.springsource.loaded.TypeRegistry.couldBeReloadable(Ljava/lang/String;Z)Lorg/springsource/loaded/TypeRegistry$CouldBeReloadableDecision; @ 1
Event: 32.952 Thread 0x000000002d312000 Uncommon trap: reason=class_check action=maybe_recompile pc=0x0000000005d020c8 method=java.util.regex.Matcher.getTextLength()I @ 4
Event: 32.952 Thread 0x000000002d312000 Uncommon trap: reason=class_check action=maybe_recompile pc=0x0000000005515fe0 method=java.lang.Character.codePointAt(Ljava/lang/CharSequence;I)I @ 2
Event: 32.952 Thread 0x000000002d312000 Uncommon trap: reason=class_check action=maybe_recompile pc=0x0000000005777484 method=java.util.regex.Pattern$Slice.match(Ljava/util/regex/Matcher;ILjava/lang/CharSequence;)Z @ 49

Classes redefined (0 events):
No events

Internal exceptions (10 events):
Event: 31.957 Thread 0x000000002d316000 Exception <a 'java/lang/ClassNotFoundException': org/springframework/web/servlet/support/SessionFlashMapManagerCustomizer> (0x0000000717f2bf90) thrown at [C:\re\workspace\8-2-build-windows-amd64-cygwin\jdk8u161\10277\hotspot\src\share\vm\classfile\systemD
Event: 31.958 Thread 0x000000002d316000 Exception <a 'java/lang/ClassNotFoundException': org/springframework/web/servlet/FlashMapManagerCustomizer> (0x0000000717f52740) thrown at [C:\re\workspace\8-2-build-windows-amd64-cygwin\jdk8u161\10277\hotspot\src\share\vm\classfile\systemDictionary.cpp, 
Event: 32.533 Thread 0x000000002d314800 Implicit null exception at 0x0000000006dbbe58 to 0x0000000006dca1f1
Event: 32.535 Thread 0x000000002d314800 Implicit null exception at 0x0000000005deb99a to 0x0000000005def099
Event: 32.595 Thread 0x000000002d314800 Implicit null exception at 0x00000000054369de to 0x000000000543b3b4
Event: 32.737 Thread 0x000000002d314800 Exception <a 'java/lang/reflect/InvocationTargetException'> (0x00000007266bffe0) thrown at [C:\re\workspace\8-2-build-windows-amd64-cygwin\jdk8u161\10277\hotspot\src\share\vm\runtime\reflection.cpp, line 1092]
Event: 32.742 Thread 0x000000002d314800 Exception <a 'java/lang/reflect/InvocationTargetException'> (0x00000007267401a8) thrown at [C:\re\workspace\8-2-build-windows-amd64-cygwin\jdk8u161\10277\hotspot\src\share\vm\runtime\reflection.cpp, line 1092]
Event: 32.786 Thread 0x000000002d314800 Exception <a 'java/lang/reflect/InvocationTargetException'> (0x0000000726a11890) thrown at [C:\re\workspace\8-2-build-windows-amd64-cygwin\jdk8u161\10277\hotspot\src\share\vm\runtime\reflection.cpp, line 1092]
Event: 32.788 Thread 0x000000002d314800 Exception <a 'java/lang/reflect/InvocationTargetException'> (0x0000000726a4ab88) thrown at [C:\re\workspace\8-2-build-windows-amd64-cygwin\jdk8u161\10277\hotspot\src\share\vm\runtime\reflection.cpp, line 1092]
Event: 32.788 Thread 0x000000002d314800 Exception <a 'java/lang/NoSuchMethodError': <clinit>> (0x0000000726a4b388) thrown at [C:\re\workspace\8-2-build-windows-amd64-cygwin\jdk8u161\10277\hotspot\src\share\vm\prims\jni.cpp, line 1613]

Events (10 events):
Event: 32.968 loading class org/apache/wicket/markup/html/form/PasswordTextField
Event: 32.968 loading class org/apache/wicket/markup/html/form/PasswordTextField done
Event: 32.968 Thread 0x000000002d312000 DEOPT PACKING pc=0x000000000617a7c4 sp=0x000000004028c6c0
Event: 32.968 Thread 0x000000002d312000 DEOPT UNPACKING pc=0x00000000052a7890 sp=0x000000004028c390 mode 1
Event: 33.188 Thread 0x000000002d312000 DEOPT PACKING pc=0x0000000005e5f1c8 sp=0x00000000402809e0
Event: 33.188 Thread 0x000000002d312000 DEOPT UNPACKING pc=0x00000000052a7890 sp=0x0000000040280720 mode 0
Event: 33.194 Thread 0x000000002d312000 DEOPT PACKING pc=0x0000000005e5f1c8 sp=0x000000004027fe00
Event: 33.194 Thread 0x000000002d312000 DEOPT UNPACKING pc=0x00000000052a7890 sp=0x000000004027fb40 mode 0
Event: 33.233 Executing VM operation: ForceSafepoint
Event: 33.233 Executing VM operation: ForceSafepoint done


Dynamic libraries:
0x00007ff78de90000 - 0x00007ff78dec7000 	C:\Program Files\Java\jdk1.8.0_161\bin\java.exe
0x00007ff9fba80000 - 0x00007ff9fbc60000 	C:\WINDOWS\SYSTEM32\ntdll.dll
0x00007ff9fb960000 - 0x00007ff9fba0e000 	C:\WINDOWS\System32\KERNEL32.DLL
0x00007ff9f8590000 - 0x00007ff9f87f6000 	C:\WINDOWS\System32\KERNELBASE.dll
0x00007ff9f9c50000 - 0x00007ff9f9cf1000 	C:\WINDOWS\System32\ADVAPI32.dll
0x00007ff9fb250000 - 0x00007ff9fb2ed000 	C:\WINDOWS\System32\msvcrt.dll
0x00007ff9fb350000 - 0x00007ff9fb3ab000 	C:\WINDOWS\System32\sechost.dll
0x00007ff9fb3b0000 - 0x00007ff9fb4cf000 	C:\WINDOWS\System32\RPCRT4.dll
0x00007ff9f98c0000 - 0x00007ff9f9a4f000 	C:\WINDOWS\System32\USER32.dll
0x00007ff9f8470000 - 0x00007ff9f8490000 	C:\WINDOWS\System32\win32u.dll
0x00007ff9fba10000 - 0x00007ff9fba38000 	C:\WINDOWS\System32\GDI32.dll
0x00007ff9f80b0000 - 0x00007ff9f8243000 	C:\WINDOWS\System32\gdi32full.dll
0x00007ff9f8010000 - 0x00007ff9f80ab000 	C:\WINDOWS\System32\msvcp_win.dll
0x00007ff9f8490000 - 0x00007ff9f8586000 	C:\WINDOWS\System32\ucrtbase.dll
0x00007ff9f1a20000 - 0x00007ff9f1c89000 	C:\WINDOWS\WinSxS\amd64_microsoft.windows.common-controls_6595b64144ccf1df_6.0.16299.431_none_15c7d3ee93659e73\COMCTL32.dll
0x00007ff9f9000000 - 0x00007ff9f9308000 	C:\WINDOWS\System32\combase.dll
0x00007ff9f7e80000 - 0x00007ff9f7ef2000 	C:\WINDOWS\System32\bcryptPrimitives.dll
0x00007ff9fb930000 - 0x00007ff9fb95d000 	C:\WINDOWS\System32\IMM32.DLL
0x000000005f640000 - 0x000000005f712000 	C:\Program Files\Java\jdk1.8.0_161\jre\bin\msvcr100.dll
0x000000005cd60000 - 0x000000005d5ff000 	C:\Program Files\Java\jdk1.8.0_161\jre\bin\server\jvm.dll
0x00007ff9fba40000 - 0x00007ff9fba48000 	C:\WINDOWS\System32\PSAPI.DLL
0x00007ff9ed990000 - 0x00007ff9ed999000 	C:\WINDOWS\SYSTEM32\WSOCK32.dll
0x00007ff9f3c90000 - 0x00007ff9f3c9a000 	C:\WINDOWS\SYSTEM32\VERSION.dll
0x00007ff9f3bc0000 - 0x00007ff9f3be3000 	C:\WINDOWS\SYSTEM32\WINMM.dll
0x00007ff9f9650000 - 0x00007ff9f96bc000 	C:\WINDOWS\System32\WS2_32.dll
0x00007ff9f3b80000 - 0x00007ff9f3baa000 	C:\WINDOWS\SYSTEM32\WINMMBASE.dll
0x00007ff9f8250000 - 0x00007ff9f829a000 	C:\WINDOWS\System32\cfgmgr32.dll
0x000000005f630000 - 0x000000005f63f000 	C:\Program Files\Java\jdk1.8.0_161\jre\bin\verify.dll
0x000000005f600000 - 0x000000005f629000 	C:\Program Files\Java\jdk1.8.0_161\jre\bin\java.dll
0x000000005f840000 - 0x000000005f875000 	C:\Program Files\Java\jdk1.8.0_161\jre\bin\jdwp.dll
0x000000005f810000 - 0x000000005f833000 	C:\Program Files\Java\jdk1.8.0_161\jre\bin\instrument.dll
0x000000005f800000 - 0x000000005f808000 	C:\Program Files\Java\jdk1.8.0_161\jre\bin\npt.dll
0x000000005f5e0000 - 0x000000005f5f6000 	C:\Program Files\Java\jdk1.8.0_161\jre\bin\zip.dll
0x00007ff9f9e10000 - 0x00007ff9fb248000 	C:\WINDOWS\System32\SHELL32.dll
0x00007ff9f8f50000 - 0x00007ff9f8ff6000 	C:\WINDOWS\System32\shcore.dll
0x00007ff9f8800000 - 0x00007ff9f8f47000 	C:\WINDOWS\System32\windows.storage.dll
0x00007ff9f95f0000 - 0x00007ff9f9641000 	C:\WINDOWS\System32\shlwapi.dll
0x00007ff9f7e40000 - 0x00007ff9f7e51000 	C:\WINDOWS\System32\kernel.appcore.dll
0x00007ff9f7dd0000 - 0x00007ff9f7e1c000 	C:\WINDOWS\System32\powrprof.dll
0x00007ff9f7e60000 - 0x00007ff9f7e7b000 	C:\WINDOWS\System32\profapi.dll
0x000000005f4b0000 - 0x000000005f4b9000 	C:\Program Files\Java\jdk1.8.0_161\jre\bin\dt_socket.dll
0x00007ff9f7600000 - 0x00007ff9f7666000 	C:\WINDOWS\system32\mswsock.dll
0x000000005f5c0000 - 0x000000005f5da000 	C:\Program Files\Java\jdk1.8.0_161\jre\bin\net.dll
0x00007ff9eb5c0000 - 0x00007ff9eb5d6000 	C:\WINDOWS\system32\napinsp.dll
0x00007ff9ea7e0000 - 0x00007ff9ea7fa000 	C:\WINDOWS\system32\pnrpnsp.dll
0x00007ff9f4060000 - 0x00007ff9f4078000 	C:\WINDOWS\system32\NLAapi.dll
0x00007ff9f73d0000 - 0x00007ff9f7486000 	C:\WINDOWS\SYSTEM32\DNSAPI.dll
0x00007ff9f98b0000 - 0x00007ff9f98b8000 	C:\WINDOWS\System32\NSI.dll
0x00007ff9f7390000 - 0x00007ff9f73c9000 	C:\WINDOWS\SYSTEM32\IPHLPAPI.DLL
0x00007ff9eb4c0000 - 0x00007ff9eb4ce000 	C:\WINDOWS\System32\winrnr.dll
0x00007ff9f0d70000 - 0x00007ff9f0d7a000 	C:\Windows\System32\rasadhlp.dll
0x00007ff9f5b80000 - 0x00007ff9f5bf0000 	C:\WINDOWS\System32\fwpuclnt.dll
0x00007ff9f7930000 - 0x00007ff9f7955000 	C:\WINDOWS\SYSTEM32\bcrypt.dll
0x000000005f880000 - 0x000000005f88d000 	C:\Program Files\Java\jdk1.8.0_161\jre\bin\management.dll
0x000000005f5a0000 - 0x000000005f5b1000 	C:\Program Files\Java\jdk1.8.0_161\jre\bin\nio.dll
0x00007ff9f77c0000 - 0x00007ff9f77d7000 	C:\WINDOWS\SYSTEM32\CRYPTSP.dll
0x00007ff9f7200000 - 0x00007ff9f7233000 	C:\WINDOWS\system32\rsaenh.dll
0x00007ff9f7cd0000 - 0x00007ff9f7cf9000 	C:\WINDOWS\SYSTEM32\USERENV.dll
0x00007ff9f77e0000 - 0x00007ff9f77eb000 	C:\WINDOWS\SYSTEM32\CRYPTBASE.dll
0x00007ff9f58f0000 - 0x00007ff9f5906000 	C:\WINDOWS\SYSTEM32\dhcpcsvc6.DLL
0x00007ff9f5860000 - 0x00007ff9f587a000 	C:\WINDOWS\SYSTEM32\dhcpcsvc.DLL
0x00007ff9ea430000 - 0x00007ff9ea5f8000 	C:\WINDOWS\SYSTEM32\dbghelp.dll

VM Arguments:
jvm_args: -Dserver.port=8080 -Dspring.datasource.password -Dspring.datasource.url=jdbc:hsqldb:mem:budgeteer -Dspring.datasource.username=sa -Dspring.jpa.hibernate.ddl-auto=update -Dwicket.configurationType=DEVELOPMENT -Xdebug -Xrunjdwp:transport=dt_socket,server=y,suspend=n,address=9009 -javaagent:C:\Users\atanasov\.gradle\caches\modules-2\files-2.1\org.springframework\springloaded\1.2.5.RELEASE\5286364198a1f41d028c1d758ef7e44d2b63d6b1\springloaded-1.2.5.RELEASE.jar -Xverify:none -Dfile.encoding=windows-1252 -Duser.country=DE -Duser.language=de -Duser.variant 
java_command: org.wickedsource.budgeteer.boot.BudgeteerBooter
java_class_path (initial): C:\Users\atanasov\workspace\BUDGETEER\budgeteer\budgeteer-web-interface\build\classes\java\main;C:\Users\atanasov\workspace\BUDGETEER\budgeteer\budgeteer-web-interface\build\resources\main;C:\Users\atanasov\workspace\BUDGETEER\budgeteer\budgeteer-web-interface\lib\ojdbc7.jar;C:\Users\atanasov\workspace\BUDGETEER\budgeteer\budgeteer-web-interface\lib\orai18n.jar;C:\Users\atanasov\workspace\BUDGETEER\budgeteer\budgeteer-aproda-importer\build\libs\budgeteer-aproda-importer-1.0.9.BETA-local.jar;C:\Users\atanasov\workspace\BUDGETEER\budgeteer\budgeteer-ubw-importer\build\libs\budgeteer-ubw-importer-1.0.9.BETA-local.jar;C:\Users\atanasov\workspace\BUDGETEER\budgeteer\budgeteer-resourceplan-importer\build\libs\budgeteer-resourceplan-importer-1.0.9.BETA-local.jar;C:\Users\atanasov\workspace\BUDGETEER\budgeteer\budgeteer-report-exporter\build\libs\budgeteer-report-exporter-1.0.9.BETA-local.jar;C:\Users\atanasov\.gradle\caches\modules-2\files-2.1\org.apache.wicket\wicket-spring\7.6.0\8a40929d0b76c0fd65d4b6a71526ad316f98cdf9\wicket-spring-7.6.0.jar;C:\Users\atanasov\.gradle\caches\modules-2\files-2.1\org.wicketstuff\wicketstuff-lazymodel\7.6.0\ce00fb8d51e3bb8180119fb6384db1c44602d352\wicketstuff-lazymodel-7.6.0.jar;C:\Users\atanasov\.gradle\caches\modules-2\files-2.1\de.adesso.wicked-charts\wicked-charts-wicket7\3.0.0\59d8c8b26bec352981c4383b54b7d57ee1f13d2c\wicked-charts-wicket7-3.0.0.jar;C:\Users\atanasov\.gradle\caches\modules-2\files-2.1\org.springframework.boot\spring-boot-starter-web\1.5.2.RELEASE\27f29876980c079b46be16b759eafe92720f3338\spring-boot-starter-web-1.5.2.RELEASE.jar;C:\Users\atanasov\.gradle\caches\modules-2\files-2.1\org.springframework\spring-webmvc\4.3.14.RELEASE\1571eab8a807005d424ca16fedd54b1f439787b2\spring-webmvc-4.3.14.RELEASE.jar;C:\Users\atanasov\.gradle\caches\modules-2\files-2.1\org.springframework.boot\spring-boot-starter-data-jpa\1.5.2.RELEASE\9e2dfd470f0df4a7ba00a71ca462aeefbd382a4d\spring-boot-starter-data-jpa-1.5
Launcher Type: SUN_STANDARD

Environment Variables:
JAVA_HOME=C:\Program Files\Java\jdk1.8.0_161
PATH=C:\oraclexe\app\oracle\product\11.2.0\server\bin;;C:\Program Files (x86)\Common Files\Oracle\Java\javapath;C:\ProgramData\Oracle\Java\javapath;C:\WINDOWS\system32;C:\WINDOWS;C:\WINDOWS\System32\Wbem;C:\WINDOWS\System32\WindowsPowerShell\v1.0\;C:\Program Files\dotnet\;C:\Program Files\nodejs\;C:\Program Files\Git\cmd;C:\Users\atanasov\AppData\Local\Microsoft\WindowsApps;C:\Users\atanasov\AppData\Local\atom\bin;C:\Users\atanasov\Desktop\terminalMath-master\windows\bin\Release;C:\Program Files\apache-maven-3.5.2\bin;C:\Users\atanasov\eclipse-workspace\slavicTales\VS_libs;C:\Program Files\Java\jdk1.8.0_161\bin;C:\Users\atanasov\AppData\Local\Microsoft\WindowsApps;;C:\Program Files\Microsoft VS Code\bin
USERNAME=atanasov
OS=Windows_NT
PROCESSOR_IDENTIFIER=Intel64 Family 6 Model 58 Stepping 9, GenuineIntel



---------------  S Y S T E M  ---------------

OS: Windows 10.0 , 64 bit Build 16299 (10.0.16299.431)

CPU:total 8 (initial active 8) (4 cores per cpu, 2 threads per core) family 6 model 58 stepping 9, cmov, cx8, fxsr, mmx, sse, sse2, sse3, ssse3, sse4.1, sse4.2, popcnt, avx, aes, clmul, erms, ht, tsc, tscinvbit, tscinv

Memory: 4k page, physical 33458876k(19356216k free), swap 38439612k(19896648k free)

vm_info: Java HotSpot(TM) 64-Bit Server VM (25.161-b12) for windows-amd64 JRE (1.8.0_161-b12), built on Dec 19 2017 17:52:25 by "java_re" with MS VC++ 10.0 (VS2010)

time: Fri Jun 15 12:02:32 2018
elapsed time: 33 seconds (0d 0h 0m 33s)

