#
# A fatal error has been detected by the Java Runtime Environment:
#
#  EXCEPTION_ACCESS_VIOLATION (0xc0000005) at pc=0x000000005d16d815, pid=74948, tid=0x000000000000ddd0
#
# JRE version: Java(TM) SE Runtime Environment (8.0_161-b12) (build 1.8.0_161-b12)
# Java VM: Java HotSpot(TM) 64-Bit Server VM (25.161-b12 mixed mode windows-amd64 compressed oops)
# Problematic frame:
# V  [jvm.dll+0x40d815]
#
# Failed to write core dump. Minidumps are not enabled by default on client versions of Windows
#
# If you would like to submit a bug report, please visit:
#   http://bugreport.java.com/bugreport/crash.jsp
#

---------------  T H R E A D  ---------------

Current thread (0x000000002afc0000):  JavaThread "C1 CompilerThread3" daemon [_thread_in_native, id=56784, stack(0x000000002b9f0000,0x000000002baf0000)]

siginfo: ExceptionCode=0xc0000005, reading address 0x0000000000000018

Registers:
RAX=0x0000000000000000, RBX=0x0000000000000000, RCX=0x000000002baee780, RDX=0x0000000031fe5c30
RSP=0x000000002baee6c0, RBP=0x000000002baee830, RSI=0x000000002baeeac0, RDI=0x000000002baeeac0
R8 =0x000000002baee780, R9 =0x0000000031fe5c30, R10=0x0000000031fe3ce0, R11=0x000000005d3ba478
R12=0x0000000031fe5c30, R13=0x000000002baee780, R14=0x0000000031fe2c60, R15=0x0000000031fe5b90
RIP=0x000000005d16d815, EFLAGS=0x0000000000010206

Top of Stack: (sp=0x000000002baee6c0)
0x000000002baee6c0:   0000000000000000 0000000000000003
0x000000002baee6d0:   0000000031fe5940 0000000000000003
0x000000002baee6e0:   0000000000000000 000000005d0179a9
0x000000002baee6f0:   0000000000000000 000000005d173f81
0x000000002baee700:   00000000000000b8 0000000000000000
0x000000002baee710:   000000002baeeac0 000000005d1ae8d1
0x000000002baee720:   0000000000000001 0000000000000000
0x000000002baee730:   0000000031fe2f20 000000002baeeac0
0x000000002baee740:   0000000000000000 000000005d175bf0
0x000000002baee750:   0000000031fe5b90 000000002baee830
0x000000002baee760:   000000002baeeac0 000000002baeeac0
0x000000002baee770:   0000000031fe5c30 000000005d16bdbe
0x000000002baee780:   000000005d3c2268 000000002baeedc0
0x000000002baee790:   0000000031fe5c30 000000000000002f
0x000000002baee7a0:   0000000031fe5c30 000000005d178dca
0x000000002baee7b0:   0000000000000000 000000002baee830 

Instructions: (pc=0x000000005d16d815)
0x000000005d16d7f5:   c3 cc cc cc cc cc cc cc cc cc cc 40 53 57 41 54
0x000000005d16d805:   41 55 48 83 ec 68 48 8b 42 70 4c 8b e9 4c 8b e2
0x000000005d16d815:   48 8b 48 18 48 8b 01 ff 50 18 84 c0 74 29 4d 8b
0x000000005d16d825:   44 24 70 49 8b 84 24 80 00 00 00 41 8b 4c 24 78 


Register to memory mapping:

RAX=0x0000000000000000 is an unknown value
RBX=0x0000000000000000 is an unknown value
RCX=0x000000002baee780 is pointing into the stack for thread: 0x000000002afc0000
RDX=0x0000000031fe5c30 is an unknown value
RSP=0x000000002baee6c0 is pointing into the stack for thread: 0x000000002afc0000
RBP=0x000000002baee830 is pointing into the stack for thread: 0x000000002afc0000
RSI=0x000000002baeeac0 is pointing into the stack for thread: 0x000000002afc0000
RDI=0x000000002baeeac0 is pointing into the stack for thread: 0x000000002afc0000
R8 =0x000000002baee780 is pointing into the stack for thread: 0x000000002afc0000
R9 =0x0000000031fe5c30 is an unknown value
R10=0x0000000031fe3ce0 is an unknown value
R11=0x000000005d3ba478 is an unknown value
R12=0x0000000031fe5c30 is an unknown value
R13=0x000000002baee780 is pointing into the stack for thread: 0x000000002afc0000
R14=0x0000000031fe2c60 is an unknown value
R15=0x0000000031fe5b90 is an unknown value


Stack: [0x000000002b9f0000,0x000000002baf0000],  sp=0x000000002baee6c0,  free space=1017k
Native frames: (J=compiled Java code, j=interpreted, Vv=VM code, C=native code)
V  [jvm.dll+0x40d815]
V  [jvm.dll+0x415bf0]
V  [jvm.dll+0x418dca]
V  [jvm.dll+0x41fc92]
V  [jvm.dll+0x4205ed]
V  [jvm.dll+0x4209e2]
V  [jvm.dll+0x425ad5]
V  [jvm.dll+0x425be0]
V  [jvm.dll+0x40f178]
V  [jvm.dll+0x40f3e1]
V  [jvm.dll+0x40f5a2]
V  [jvm.dll+0x40f771]
V  [jvm.dll+0x40f97f]
V  [jvm.dll+0xa6052]
V  [jvm.dll+0xa699f]
V  [jvm.dll+0x24533f]
V  [jvm.dll+0x29cc4a]
C  [msvcr100.dll+0x21d9f]
C  [msvcr100.dll+0x21e3b]
C  [KERNEL32.DLL+0x11fe4]
C  [ntdll.dll+0x6f061]


Current CompileTask:
C1:  15143 8598       3       org.wickedsource.budgeteer.web.pages.user.login.LoginCredentials$$EnhancerLAZY$$6535289b::getCallback (95 bytes)


---------------  P R O C E S S  ---------------

Java Threads: ( => current thread )
  0x000000002d84c000 JavaThread "http-nio-8080-exec-3" daemon [_thread_in_Java, id=6920, stack(0x000000003c220000,0x000000003c320000)]
  0x000000002d84e000 JavaThread "ModificationWatcher Task" daemon [_thread_blocked, id=14776, stack(0x000000003bd90000,0x000000003be90000)]
  0x000000002d84b000 JavaThread "Wicket-PageSavingThread" daemon [_thread_blocked, id=69116, stack(0x000000003acc0000,0x000000003adc0000)]
  0x000000002d847000 JavaThread "http-nio-8080-exec-2" daemon [_thread_blocked, id=46536, stack(0x000000003abc0000,0x000000003acc0000)]
  0x000000002d849800 JavaThread "DestroyJavaVM" [_thread_blocked, id=68820, stack(0x0000000005190000,0x0000000005290000)]
  0x000000002d848000 JavaThread "http-nio-8080-exec-1" daemon [_thread_blocked, id=48240, stack(0x000000003aac0000,0x000000003abc0000)]
  0x000000002d84d800 JavaThread "http-nio-8080-AsyncTimeout" daemon [_thread_blocked, id=43900, stack(0x000000003a9c0000,0x000000003aac0000)]
  0x000000002d849000 JavaThread "http-nio-8080-Acceptor-0" daemon [_thread_in_native, id=14492, stack(0x000000003a1e0000,0x000000003a2e0000)]
  0x000000002e826800 JavaThread "http-nio-8080-ClientPoller-1" daemon [_thread_in_native, id=60820, stack(0x000000003a0e0000,0x000000003a1e0000)]
  0x00000000387a9800 JavaThread "http-nio-8080-ClientPoller-0" daemon [_thread_in_native, id=41016, stack(0x0000000039fe0000,0x000000003a0e0000)]
  0x0000000038181000 JavaThread "NioBlockingSelector.BlockPoller-1" daemon [_thread_in_native, id=4868, stack(0x0000000039ee0000,0x0000000039fe0000)]
  0x000000002a4af000 JavaThread "Abandoned connection cleanup thread" daemon [_thread_blocked, id=6096, stack(0x0000000036950000,0x0000000036a50000)]
  0x0000000032fff000 JavaThread "Tomcat JDBC Pool Cleaner[414493378:1529056968121]" daemon [_thread_blocked, id=16760, stack(0x0000000036850000,0x0000000036950000)]
  0x000000002b1f0800 JavaThread "container-0" [_thread_blocked, id=47528, stack(0x0000000034450000,0x0000000034550000)]
  0x000000002d853800 JavaThread "ContainerBackgroundProcessor[StandardEngine[Tomcat]]" daemon [_thread_blocked, id=34756, stack(0x0000000034350000,0x0000000034450000)]
  0x000000002c233000 JavaThread "localhost-startStop-1" daemon [_thread_blocked, id=27888, stack(0x0000000034250000,0x0000000034350000)]
  0x000000002da78000 JavaThread "Tomcat-startStop-1" daemon [_thread_blocked, id=51592, stack(0x0000000032410000,0x0000000032510000)]
  0x000000002b4ac000 JavaThread "FileSystemWatcher: files=#215 cl=sun.misc.Launcher$AppClassLoader@18b4aac2" daemon [_thread_blocked, id=50408, stack(0x000000002ccc0000,0x000000002cdc0000)]
  0x000000002b042000 JavaThread "Service Thread" daemon [_thread_blocked, id=48784, stack(0x000000002baf0000,0x000000002bbf0000)]
=>0x000000002afc0000 JavaThread "C1 CompilerThread3" daemon [_thread_in_native, id=56784, stack(0x000000002b9f0000,0x000000002baf0000)]
  0x000000002afbf000 JavaThread "C2 CompilerThread2" daemon [_thread_in_vm, id=23312, stack(0x000000002b8f0000,0x000000002b9f0000)]
  0x000000002afbb800 JavaThread "C2 CompilerThread1" daemon [_thread_in_vm, id=43032, stack(0x000000002b7f0000,0x000000002b8f0000)]
  0x000000002afb8800 JavaThread "C2 CompilerThread0" daemon [_thread_in_native, id=57784, stack(0x000000002b6f0000,0x000000002b7f0000)]
  0x000000002afa6800 JavaThread "JDWP Event Helper Thread" daemon [_thread_blocked, id=59904, stack(0x000000002b5f0000,0x000000002b6f0000)]
  0x000000002af83000 JavaThread "JDWP Transport Listener: dt_socket" daemon [_thread_in_native, id=27264, stack(0x000000002b4f0000,0x000000002b5f0000)]
  0x000000002a407000 JavaThread "Attach Listener" daemon [_thread_blocked, id=25936, stack(0x000000002abf0000,0x000000002acf0000)]
  0x000000002a406000 JavaThread "Signal Dispatcher" daemon [_thread_blocked, id=49180, stack(0x000000002aaf0000,0x000000002abf0000)]
  0x000000002a3f0800 JavaThread "Finalizer" daemon [_thread_blocked, id=32500, stack(0x000000002a7d0000,0x000000002a8d0000)]
  0x00000000284f2000 JavaThread "Reference Handler" daemon [_thread_blocked, id=16748, stack(0x000000002a2d0000,0x000000002a3d0000)]

Other Threads:
  0x00000000284e9800 VMThread [stack: 0x000000002a1d0000,0x000000002a2d0000] [id=73032]
  0x000000002b168800 WatcherThread [stack: 0x000000002bbf0000,0x000000002bcf0000] [id=63080]

VM state:not at safepoint (normal execution)

VM Mutex/Monitor currently owned by a thread: None

Heap:
 PSYoungGen      total 532992K, used 323049K [0x0000000715d00000, 0x000000073c300000, 0x00000007c0000000)
  eden space 508928K, 63% used [0x0000000715d00000,0x000000072987a5c8,0x0000000734e00000)
  from space 24064K, 0% used [0x0000000736980000,0x0000000736980000,0x0000000738100000)
  to   space 28160K, 0% used [0x0000000734e00000,0x0000000734e00000,0x0000000736980000)
 ParOldGen       total 483840K, used 56363K [0x00000005c1600000, 0x00000005dee80000, 0x0000000715d00000)
  object space 483840K, 11% used [0x00000005c1600000,0x00000005c4d0add8,0x00000005dee80000)
 Metaspace       used 65152K, capacity 65976K, committed 66048K, reserved 1107968K
  class space    used 7143K, capacity 7353K, committed 7424K, reserved 1048576K

Card table byte_map: [0x0000000014860000,0x0000000015860000] byte_map_base: 0x0000000011a55000

Marking Bits: (ParMarkBitMap*) 0x000000005d57f860
 Begin Bits: [0x0000000016b10000, 0x000000001eab8000)
 End Bits:   [0x000000001eab8000, 0x0000000026a60000)

Polling page: 0x0000000003870000

CodeCache: size=245760Kb used=27156Kb max_used=27343Kb free=218603Kb
 bounds [0x00000000054a0000, 0x0000000006f80000, 0x00000000144a0000]
 total_blobs=7611 nmethods=7052 adapters=478
 compilation: enabled

Compilation events (10 events):
Event: 15.108 Thread 0x000000002afc0000 nmethod 8593 0x0000000006f5a790 code [0x0000000006f5a9c0, 0x0000000006f5b448]
Event: 15.108 Thread 0x000000002afc0000 8594       3       org.wickedsource.budgeteer.web.pages.base.dialogpage.DialogPage::setVersioned (34 bytes)
Event: 15.108 Thread 0x000000002afc0000 nmethod 8594 0x0000000006f5b810 code [0x0000000006f5b9e0, 0x0000000006f5c0c8]
Event: 15.108 Thread 0x000000002afc0000 8595       3       org.wickedsource.budgeteer.web.pages.user.login.LoginPage::isVersioned (29 bytes)
Event: 15.108 Thread 0x000000002afc0000 nmethod 8595 0x0000000006f5c2d0 code [0x0000000006f5c4e0, 0x0000000006f5ce68]
Event: 15.108 Thread 0x000000002afc0000 8597       3       org.wickedsource.budgeteer.web.pages.user.login.LoginCredentials::<init> (77 bytes)
Event: 15.109 Thread 0x000000002afc0000 nmethod 8597 0x0000000006f5d190 code [0x0000000006f5d400, 0x0000000006f5e518]
Event: 15.109 Thread 0x000000002afc0000 8596       3       org.wickedsource.budgeteer.web.pages.base.dialogpage.DialogPage::isVersioned (29 bytes)
Event: 15.110 Thread 0x000000002afc0000 nmethod 8596 0x0000000006f5ee50 code [0x0000000006f5f020, 0x0000000006f5f878]
Event: 15.110 Thread 0x000000002afc0000 8598       3       org.wickedsource.budgeteer.web.pages.user.login.LoginCredentials$$EnhancerLAZY$$6535289b::getCallback (95 bytes)

GC Heap History (10 events):
Event: 6.781 GC heap before
{Heap before GC invocations=9 (full 2):
 PSYoungGen      total 311296K, used 14036K [0x0000000715d00000, 0x0000000733e80000, 0x00000007c0000000)
  eden space 296448K, 0% used [0x0000000715d00000,0x0000000715d00000,0x0000000727e80000)
  from space 14848K, 94% used [0x0000000727e80000,0x0000000728c351d8,0x0000000728d00000)
  to   space 16384K, 0% used [0x0000000732e80000,0x0000000732e80000,0x0000000733e80000)
 ParOldGen       total 203776K, used 11700K [0x00000005c1600000, 0x00000005cdd00000, 0x0000000715d00000)
  object space 203776K, 5% used [0x00000005c1600000,0x00000005c216d098,0x00000005cdd00000)
 Metaspace       used 34820K, capacity 35122K, committed 35416K, reserved 1081344K
  class space    used 3938K, capacity 4012K, committed 4096K, reserved 1048576K
Event: 6.882 GC heap after
Heap after GC invocations=9 (full 2):
 PSYoungGen      total 311296K, used 0K [0x0000000715d00000, 0x0000000733e80000, 0x00000007c0000000)
  eden space 296448K, 0% used [0x0000000715d00000,0x0000000715d00000,0x0000000727e80000)
  from space 14848K, 0% used [0x0000000727e80000,0x0000000727e80000,0x0000000728d00000)
  to   space 16384K, 0% used [0x0000000732e80000,0x0000000732e80000,0x0000000733e80000)
 ParOldGen       total 327168K, used 24097K [0x00000005c1600000, 0x00000005d5580000, 0x0000000715d00000)
  object space 327168K, 7% used [0x00000005c1600000,0x00000005c2d88570,0x00000005d5580000)
 Metaspace       used 34820K, capacity 35122K, committed 35416K, reserved 1081344K
  class space    used 3938K, capacity 4012K, committed 4096K, reserved 1048576K
}
Event: 8.762 GC heap before
{Heap before GC invocations=10 (full 2):
 PSYoungGen      total 311296K, used 296448K [0x0000000715d00000, 0x0000000733e80000, 0x00000007c0000000)
  eden space 296448K, 100% used [0x0000000715d00000,0x0000000727e80000,0x0000000727e80000)
  from space 14848K, 0% used [0x0000000727e80000,0x0000000727e80000,0x0000000728d00000)
  to   space 16384K, 0% used [0x0000000732e80000,0x0000000732e80000,0x0000000733e80000)
 ParOldGen       total 327168K, used 24097K [0x00000005c1600000, 0x00000005d5580000, 0x0000000715d00000)
  object space 327168K, 7% used [0x00000005c1600000,0x00000005c2d88570,0x00000005d5580000)
 Metaspace       used 46869K, capacity 47272K, committed 47744K, reserved 1091584K
  class space    used 5329K, capacity 5429K, committed 5504K, reserved 1048576K
Event: 8.776 GC heap after
Heap after GC invocations=10 (full 2):
 PSYoungGen      total 430592K, used 16313K [0x0000000715d00000, 0x0000000733e80000, 0x00000007c0000000)
  eden space 414208K, 0% used [0x0000000715d00000,0x0000000715d00000,0x000000072f180000)
  from space 16384K, 99% used [0x0000000732e80000,0x0000000733e6e4a8,0x0000000733e80000)
  to   space 17920K, 0% used [0x0000000731b80000,0x0000000731b80000,0x0000000732d00000)
 ParOldGen       total 327168K, used 24105K [0x00000005c1600000, 0x00000005d5580000, 0x0000000715d00000)
  object space 327168K, 7% used [0x00000005c1600000,0x00000005c2d8a570,0x00000005d5580000)
 Metaspace       used 46869K, capacity 47272K, committed 47744K, reserved 1091584K
  class space    used 5329K, capacity 5429K, committed 5504K, reserved 1048576K
}
Event: 11.681 GC heap before
{Heap before GC invocations=11 (full 2):
 PSYoungGen      total 430592K, used 430521K [0x0000000715d00000, 0x0000000733e80000, 0x00000007c0000000)
  eden space 414208K, 100% used [0x0000000715d00000,0x000000072f180000,0x000000072f180000)
  from space 16384K, 99% used [0x0000000732e80000,0x0000000733e6e4a8,0x0000000733e80000)
  to   space 17920K, 0% used [0x0000000731b80000,0x0000000731b80000,0x0000000732d00000)
 ParOldGen       total 327168K, used 24105K [0x00000005c1600000, 0x00000005d5580000, 0x0000000715d00000)
  object space 327168K, 7% used [0x00000005c1600000,0x00000005c2d8a570,0x00000005d5580000)
 Metaspace       used 55065K, capacity 55610K, committed 56064K, reserved 1099776K
  class space    used 6130K, capacity 6280K, committed 6400K, reserved 1048576K
Event: 11.716 GC heap after
Heap after GC invocations=11 (full 2):
 PSYoungGen      total 475136K, used 17913K [0x0000000715d00000, 0x0000000738100000, 0x00000007c0000000)
  eden space 457216K, 0% used [0x0000000715d00000,0x0000000715d00000,0x0000000731b80000)
  from space 17920K, 99% used [0x0000000731b80000,0x0000000732cfe490,0x0000000732d00000)
  to   space 24064K, 0% used [0x0000000736980000,0x0000000736980000,0x0000000738100000)
 ParOldGen       total 327168K, used 34677K [0x00000005c1600000, 0x00000005d5580000, 0x0000000715d00000)
  object space 327168K, 10% used [0x00000005c1600000,0x00000005c37dd5e8,0x00000005d5580000)
 Metaspace       used 55065K, capacity 55610K, committed 56064K, reserved 1099776K
  class space    used 6130K, capacity 6280K, committed 6400K, reserved 1048576K
}
Event: 13.208 GC heap before
{Heap before GC invocations=12 (full 2):
 PSYoungGen      total 475136K, used 226182K [0x0000000715d00000, 0x0000000738100000, 0x00000007c0000000)
  eden space 457216K, 45% used [0x0000000715d00000,0x0000000722863448,0x0000000731b80000)
  from space 17920K, 99% used [0x0000000731b80000,0x0000000732cfe490,0x0000000732d00000)
  to   space 24064K, 0% used [0x0000000736980000,0x0000000736980000,0x0000000738100000)
 ParOldGen       total 327168K, used 34677K [0x00000005c1600000, 0x00000005d5580000, 0x0000000715d00000)
  object space 327168K, 10% used [0x00000005c1600000,0x00000005c37dd5e8,0x00000005d5580000)
 Metaspace       used 58164K, capacity 58722K, committed 59028K, reserved 1101824K
  class space    used 6442K, capacity 6580K, committed 6656K, reserved 1048576K
Event: 13.235 GC heap after
Heap after GC invocations=12 (full 2):
 PSYoungGen      total 532992K, used 24047K [0x0000000715d00000, 0x000000073c300000, 0x00000007c0000000)
  eden space 508928K, 0% used [0x0000000715d00000,0x0000000715d00000,0x0000000734e00000)
  from space 24064K, 99% used [0x0000000736980000,0x00000007380fbfe8,0x0000000738100000)
  to   space 28160K, 0% used [0x0000000734e00000,0x0000000734e00000,0x0000000736980000)
 ParOldGen       total 327168K, used 37390K [0x00000005c1600000, 0x00000005d5580000, 0x0000000715d00000)
  object space 327168K, 11% used [0x00000005c1600000,0x00000005c3a839d0,0x00000005d5580000)
 Metaspace       used 58164K, capacity 58722K, committed 59028K, reserved 1101824K
  class space    used 6442K, capacity 6580K, committed 6656K, reserved 1048576K
}
Event: 13.235 GC heap before
{Heap before GC invocations=13 (full 3):
 PSYoungGen      total 532992K, used 24047K [0x0000000715d00000, 0x000000073c300000, 0x00000007c0000000)
  eden space 508928K, 0% used [0x0000000715d00000,0x0000000715d00000,0x0000000734e00000)
  from space 24064K, 99% used [0x0000000736980000,0x00000007380fbfe8,0x0000000738100000)
  to   space 28160K, 0% used [0x0000000734e00000,0x0000000734e00000,0x0000000736980000)
 ParOldGen       total 327168K, used 37390K [0x00000005c1600000, 0x00000005d5580000, 0x0000000715d00000)
  object space 327168K, 11% used [0x00000005c1600000,0x00000005c3a839d0,0x00000005d5580000)
 Metaspace       used 58164K, capacity 58722K, committed 59028K, reserved 1101824K
  class space    used 6442K, capacity 6580K, committed 6656K, reserved 1048576K
Event: 13.494 GC heap after
Heap after GC invocations=13 (full 3):
 PSYoungGen      total 532992K, used 0K [0x0000000715d00000, 0x000000073c300000, 0x00000007c0000000)
  eden space 508928K, 0% used [0x0000000715d00000,0x0000000715d00000,0x0000000734e00000)
  from space 24064K, 0% used [0x0000000736980000,0x0000000736980000,0x0000000738100000)
  to   space 28160K, 0% used [0x0000000734e00000,0x0000000734e00000,0x0000000736980000)
 ParOldGen       total 483840K, used 56363K [0x00000005c1600000, 0x00000005dee80000, 0x0000000715d00000)
  object space 483840K, 11% used [0x00000005c1600000,0x00000005c4d0add8,0x00000005dee80000)
 Metaspace       used 58164K, capacity 58722K, committed 59028K, reserved 1101824K
  class space    used 6442K, capacity 6580K, committed 6656K, reserved 1048576K
}

Deoptimization events (10 events):
Event: 14.124 Thread 0x000000002d847000 Uncommon trap: reason=class_check action=maybe_recompile pc=0x0000000005b20950 method=java.util.regex.Matcher.getTextLength()I @ 4
Event: 14.124 Thread 0x000000002d847000 Uncommon trap: reason=class_check action=maybe_recompile pc=0x0000000006b132e0 method=java.lang.Character.codePointAt(Ljava/lang/CharSequence;I)I @ 2
Event: 14.143 Thread 0x000000002d847000 Uncommon trap: reason=unstable_if action=reinterpret pc=0x00000000056aaaf8 method=org.springsource.loaded.TypeRegistry.couldBeReloadable(Ljava/lang/String;Z)Lorg/springsource/loaded/TypeRegistry$CouldBeReloadableDecision; @ 199
Event: 14.315 Thread 0x000000002d847000 Uncommon trap: reason=unstable_if action=reinterpret pc=0x000000000683a61c method=org.hsqldb.Scanner.scanCommentAsInlineSeparator()Z @ 113
Event: 14.317 Thread 0x000000002d847000 Uncommon trap: reason=unstable_if action=reinterpret pc=0x0000000006840ae0 method=org.hsqldb.map.BaseHashMap.addOrRemove(JJLjava/lang/Object;Ljava/lang/Object;Z)Ljava/lang/Object; @ 707
Event: 14.335 Thread 0x000000002d847000 Uncommon trap: reason=unstable_if action=reinterpret pc=0x0000000006132178 method=java.util.regex.Pattern$Curly.match0(Ljava/util/regex/Matcher;IILjava/lang/CharSequence;)Z @ 5
Event: 14.335 Thread 0x000000002d847000 Uncommon trap: reason=unstable_if action=reinterpret pc=0x0000000006aa9bd0 method=java.util.regex.Pattern$Curly.match0(Ljava/util/regex/Matcher;IILjava/lang/CharSequence;)Z @ 66
Event: 14.347 Thread 0x000000002d847000 Uncommon trap: reason=unstable_if action=reinterpret pc=0x0000000005a7e664 method=org.springsource.loaded.TypeRegistry.couldBeReloadable(Ljava/lang/String;Z)Lorg/springsource/loaded/TypeRegistry$CouldBeReloadableDecision; @ 1
Event: 14.711 Thread 0x000000002d84c000 Uncommon trap: reason=class_check action=maybe_recompile pc=0x0000000005b20950 method=java.util.regex.Matcher.getTextLength()I @ 4
Event: 14.711 Thread 0x000000002d84c000 Uncommon trap: reason=class_check action=maybe_recompile pc=0x0000000006b132e0 method=java.lang.Character.codePointAt(Ljava/lang/CharSequence;I)I @ 2

Classes redefined (0 events):
No events

Internal exceptions (10 events):
Event: 13.664 Thread 0x000000002d848000 Exception <a 'java/lang/ClassNotFoundException': java/lang/ObjectCustomizer> (0x0000000717eab068) thrown at [C:\re\workspace\8-2-build-windows-amd64-cygwin\jdk8u161\10277\hotspot\src\share\vm\classfile\systemDictionary.cpp, line 210]
Event: 13.666 Thread 0x000000002d848000 Exception <a 'java/lang/ClassNotFoundException': org/springframework/web/servlet/support/AbstractFlashMapManagerCustomizer> (0x0000000717ed8880) thrown at [C:\re\workspace\8-2-build-windows-amd64-cygwin\jdk8u161\10277\hotspot\src\share\vm\classfile\system
Event: 13.668 Thread 0x000000002d848000 Exception <a 'java/lang/ClassNotFoundException': org/springframework/web/servlet/support/SessionFlashMapManagerCustomizer> (0x0000000717f09ff0) thrown at [C:\re\workspace\8-2-build-windows-amd64-cygwin\jdk8u161\10277\hotspot\src\share\vm\classfile\systemD
Event: 13.671 Thread 0x000000002d848000 Exception <a 'java/lang/ClassNotFoundException': org/springframework/web/servlet/FlashMapManagerCustomizer> (0x0000000717f307a0) thrown at [C:\re\workspace\8-2-build-windows-amd64-cygwin\jdk8u161\10277\hotspot\src\share\vm\classfile\systemDictionary.cpp, 
Event: 14.347 Thread 0x000000002d847000 Implicit null exception at 0x0000000005a7af1e to 0x0000000005a7e648
Event: 14.480 Thread 0x000000002d847000 Exception <a 'java/lang/reflect/InvocationTargetException'> (0x000000072666a1f8) thrown at [C:\re\workspace\8-2-build-windows-amd64-cygwin\jdk8u161\10277\hotspot\src\share\vm\runtime\reflection.cpp, line 1092]
Event: 14.487 Thread 0x000000002d847000 Exception <a 'java/lang/reflect/InvocationTargetException'> (0x00000007266ea3c0) thrown at [C:\re\workspace\8-2-build-windows-amd64-cygwin\jdk8u161\10277\hotspot\src\share\vm\runtime\reflection.cpp, line 1092]
Event: 14.537 Thread 0x000000002d847000 Exception <a 'java/lang/reflect/InvocationTargetException'> (0x00000007269bcbb8) thrown at [C:\re\workspace\8-2-build-windows-amd64-cygwin\jdk8u161\10277\hotspot\src\share\vm\runtime\reflection.cpp, line 1092]
Event: 14.540 Thread 0x000000002d847000 Exception <a 'java/lang/reflect/InvocationTargetException'> (0x00000007269f5eb0) thrown at [C:\re\workspace\8-2-build-windows-amd64-cygwin\jdk8u161\10277\hotspot\src\share\vm\runtime\reflection.cpp, line 1092]
Event: 14.540 Thread 0x000000002d847000 Exception <a 'java/lang/NoSuchMethodError': <clinit>> (0x00000007269f66b0) thrown at [C:\re\workspace\8-2-build-windows-amd64-cygwin\jdk8u161\10277\hotspot\src\share\vm\prims\jni.cpp, line 1613]

Events (10 events):
Event: 14.923 Thread 0x000000002afc0000 flushing nmethod 0x0000000005c0b550
Event: 14.925 Thread 0x000000002afc0000 flushing nmethod 0x0000000005e8f590
Event: 14.925 Thread 0x000000002afc0000 flushing nmethod 0x0000000005efe050
Event: 14.926 Thread 0x000000002afc0000 flushing nmethod 0x000000000610e8d0
Event: 14.926 Thread 0x000000002afc0000 flushing nmethod 0x00000000063a3610
Event: 14.927 Thread 0x000000002afc0000 flushing nmethod 0x00000000063af590
Event: 14.927 Thread 0x000000002afc0000 flushing nmethod 0x0000000006596350
Event: 14.928 Thread 0x000000002afc0000 flushing nmethod 0x00000000067eb050
Event: 14.929 Thread 0x000000002afc0000 flushing nmethod 0x000000000693d1d0
Event: 14.929 Thread 0x000000002afc0000 flushing nmethod 0x0000000006995f10


Dynamic libraries:
0x00007ff78de90000 - 0x00007ff78dec7000 	C:\Program Files\Java\jdk1.8.0_161\bin\java.exe
0x00007ff9fba80000 - 0x00007ff9fbc60000 	C:\WINDOWS\SYSTEM32\ntdll.dll
0x00007ff9fb960000 - 0x00007ff9fba0e000 	C:\WINDOWS\System32\KERNEL32.DLL
0x00007ff9f8590000 - 0x00007ff9f87f6000 	C:\WINDOWS\System32\KERNELBASE.dll
0x00007ff9f9c50000 - 0x00007ff9f9cf1000 	C:\WINDOWS\System32\ADVAPI32.dll
0x00007ff9fb250000 - 0x00007ff9fb2ed000 	C:\WINDOWS\System32\msvcrt.dll
0x00007ff9fb350000 - 0x00007ff9fb3ab000 	C:\WINDOWS\System32\sechost.dll
0x00007ff9fb3b0000 - 0x00007ff9fb4cf000 	C:\WINDOWS\System32\RPCRT4.dll
0x00007ff9f98c0000 - 0x00007ff9f9a4f000 	C:\WINDOWS\System32\USER32.dll
0x00007ff9f8470000 - 0x00007ff9f8490000 	C:\WINDOWS\System32\win32u.dll
0x00007ff9fba10000 - 0x00007ff9fba38000 	C:\WINDOWS\System32\GDI32.dll
0x00007ff9f80b0000 - 0x00007ff9f8243000 	C:\WINDOWS\System32\gdi32full.dll
0x00007ff9f8010000 - 0x00007ff9f80ab000 	C:\WINDOWS\System32\msvcp_win.dll
0x00007ff9f8490000 - 0x00007ff9f8586000 	C:\WINDOWS\System32\ucrtbase.dll
0x00007ff9f1a20000 - 0x00007ff9f1c89000 	C:\WINDOWS\WinSxS\amd64_microsoft.windows.common-controls_6595b64144ccf1df_6.0.16299.431_none_15c7d3ee93659e73\COMCTL32.dll
0x00007ff9f9000000 - 0x00007ff9f9308000 	C:\WINDOWS\System32\combase.dll
0x00007ff9f7e80000 - 0x00007ff9f7ef2000 	C:\WINDOWS\System32\bcryptPrimitives.dll
0x00007ff9fb930000 - 0x00007ff9fb95d000 	C:\WINDOWS\System32\IMM32.DLL
0x000000005f640000 - 0x000000005f712000 	C:\Program Files\Java\jdk1.8.0_161\jre\bin\msvcr100.dll
0x000000005cd60000 - 0x000000005d5ff000 	C:\Program Files\Java\jdk1.8.0_161\jre\bin\server\jvm.dll
0x00007ff9fba40000 - 0x00007ff9fba48000 	C:\WINDOWS\System32\PSAPI.DLL
0x00007ff9f3c90000 - 0x00007ff9f3c9a000 	C:\WINDOWS\SYSTEM32\VERSION.dll
0x00007ff9ed990000 - 0x00007ff9ed999000 	C:\WINDOWS\SYSTEM32\WSOCK32.dll
0x00007ff9f3bc0000 - 0x00007ff9f3be3000 	C:\WINDOWS\SYSTEM32\WINMM.dll
0x00007ff9f9650000 - 0x00007ff9f96bc000 	C:\WINDOWS\System32\WS2_32.dll
0x00007ff9f3b80000 - 0x00007ff9f3baa000 	C:\WINDOWS\SYSTEM32\winmmbase.dll
0x00007ff9f8250000 - 0x00007ff9f829a000 	C:\WINDOWS\System32\cfgmgr32.dll
0x000000005f630000 - 0x000000005f63f000 	C:\Program Files\Java\jdk1.8.0_161\jre\bin\verify.dll
0x000000005f600000 - 0x000000005f629000 	C:\Program Files\Java\jdk1.8.0_161\jre\bin\java.dll
0x000000005f840000 - 0x000000005f875000 	C:\Program Files\Java\jdk1.8.0_161\jre\bin\jdwp.dll
0x000000005f810000 - 0x000000005f833000 	C:\Program Files\Java\jdk1.8.0_161\jre\bin\instrument.dll
0x000000005f800000 - 0x000000005f808000 	C:\Program Files\Java\jdk1.8.0_161\jre\bin\npt.dll
0x000000005f5e0000 - 0x000000005f5f6000 	C:\Program Files\Java\jdk1.8.0_161\jre\bin\zip.dll
0x00007ff9f9e10000 - 0x00007ff9fb248000 	C:\WINDOWS\System32\SHELL32.dll
0x00007ff9f8f50000 - 0x00007ff9f8ff6000 	C:\WINDOWS\System32\shcore.dll
0x00007ff9f8800000 - 0x00007ff9f8f47000 	C:\WINDOWS\System32\windows.storage.dll
0x00007ff9f95f0000 - 0x00007ff9f9641000 	C:\WINDOWS\System32\shlwapi.dll
0x00007ff9f7e40000 - 0x00007ff9f7e51000 	C:\WINDOWS\System32\kernel.appcore.dll
0x00007ff9f7dd0000 - 0x00007ff9f7e1c000 	C:\WINDOWS\System32\powrprof.dll
0x00007ff9f7e60000 - 0x00007ff9f7e7b000 	C:\WINDOWS\System32\profapi.dll
0x000000005f4b0000 - 0x000000005f4b9000 	C:\Program Files\Java\jdk1.8.0_161\jre\bin\dt_socket.dll
0x00007ff9f7600000 - 0x00007ff9f7666000 	C:\WINDOWS\system32\mswsock.dll
0x000000005f5c0000 - 0x000000005f5da000 	C:\Program Files\Java\jdk1.8.0_161\jre\bin\net.dll
0x00007ff9eb5c0000 - 0x00007ff9eb5d6000 	C:\WINDOWS\system32\napinsp.dll
0x00007ff9ea7e0000 - 0x00007ff9ea7fa000 	C:\WINDOWS\system32\pnrpnsp.dll
0x00007ff9f4060000 - 0x00007ff9f4078000 	C:\WINDOWS\system32\NLAapi.dll
0x00007ff9f73d0000 - 0x00007ff9f7486000 	C:\WINDOWS\SYSTEM32\DNSAPI.dll
0x00007ff9f98b0000 - 0x00007ff9f98b8000 	C:\WINDOWS\System32\NSI.dll
0x00007ff9f7390000 - 0x00007ff9f73c9000 	C:\WINDOWS\SYSTEM32\IPHLPAPI.DLL
0x00007ff9eb4c0000 - 0x00007ff9eb4ce000 	C:\WINDOWS\System32\winrnr.dll
0x00007ff9f0d70000 - 0x00007ff9f0d7a000 	C:\Windows\System32\rasadhlp.dll
0x00007ff9f5b80000 - 0x00007ff9f5bf0000 	C:\WINDOWS\System32\fwpuclnt.dll
0x00007ff9f7930000 - 0x00007ff9f7955000 	C:\WINDOWS\SYSTEM32\bcrypt.dll
0x000000005f880000 - 0x000000005f88d000 	C:\Program Files\Java\jdk1.8.0_161\jre\bin\management.dll
0x000000005f5a0000 - 0x000000005f5b1000 	C:\Program Files\Java\jdk1.8.0_161\jre\bin\nio.dll
0x00007ff9f77c0000 - 0x00007ff9f77d7000 	C:\WINDOWS\SYSTEM32\CRYPTSP.dll
0x00007ff9f7200000 - 0x00007ff9f7233000 	C:\WINDOWS\system32\rsaenh.dll
0x00007ff9f7cd0000 - 0x00007ff9f7cf9000 	C:\WINDOWS\SYSTEM32\USERENV.dll
0x00007ff9f77e0000 - 0x00007ff9f77eb000 	C:\WINDOWS\SYSTEM32\CRYPTBASE.dll
0x00007ff9f58f0000 - 0x00007ff9f5906000 	C:\WINDOWS\SYSTEM32\dhcpcsvc6.DLL
0x00007ff9f5860000 - 0x00007ff9f587a000 	C:\WINDOWS\SYSTEM32\dhcpcsvc.DLL
0x00007ff9ea430000 - 0x00007ff9ea5f8000 	C:\WINDOWS\SYSTEM32\dbghelp.dll

VM Arguments:
jvm_args: -Dserver.port=8080 -Dspring.datasource.password -Dspring.datasource.url=jdbc:hsqldb:mem:budgeteer -Dspring.datasource.username=sa -Dspring.jpa.hibernate.ddl-auto=update -Dwicket.configurationType=DEVELOPMENT -Xdebug -Xrunjdwp:transport=dt_socket,server=y,suspend=n,address=9009 -javaagent:C:\Users\atanasov\.gradle\caches\modules-2\files-2.1\org.springframework\springloaded\1.2.5.RELEASE\5286364198a1f41d028c1d758ef7e44d2b63d6b1\springloaded-1.2.5.RELEASE.jar -Xverify:none -Dfile.encoding=windows-1252 -Duser.country=DE -Duser.language=de -Duser.variant 
java_command: org.wickedsource.budgeteer.boot.BudgeteerBooter
java_class_path (initial): C:\Users\atanasov\workspace\BUDGETEER\budgeteer\budgeteer-web-interface\build\classes\java\main;C:\Users\atanasov\workspace\BUDGETEER\budgeteer\budgeteer-web-interface\build\resources\main;C:\Users\atanasov\workspace\BUDGETEER\budgeteer\budgeteer-web-interface\lib\ojdbc7.jar;C:\Users\atanasov\workspace\BUDGETEER\budgeteer\budgeteer-web-interface\lib\orai18n.jar;C:\Users\atanasov\workspace\BUDGETEER\budgeteer\budgeteer-aproda-importer\build\libs\budgeteer-aproda-importer-1.0.9.BETA-local.jar;C:\Users\atanasov\workspace\BUDGETEER\budgeteer\budgeteer-ubw-importer\build\libs\budgeteer-ubw-importer-1.0.9.BETA-local.jar;C:\Users\atanasov\workspace\BUDGETEER\budgeteer\budgeteer-resourceplan-importer\build\libs\budgeteer-resourceplan-importer-1.0.9.BETA-local.jar;C:\Users\atanasov\workspace\BUDGETEER\budgeteer\budgeteer-report-exporter\build\libs\budgeteer-report-exporter-1.0.9.BETA-local.jar;C:\Users\atanasov\.gradle\caches\modules-2\files-2.1\org.apache.wicket\wicket-spring\7.6.0\8a40929d0b76c0fd65d4b6a71526ad316f98cdf9\wicket-spring-7.6.0.jar;C:\Users\atanasov\.gradle\caches\modules-2\files-2.1\org.wicketstuff\wicketstuff-lazymodel\7.6.0\ce00fb8d51e3bb8180119fb6384db1c44602d352\wicketstuff-lazymodel-7.6.0.jar;C:\Users\atanasov\.gradle\caches\modules-2\files-2.1\de.adesso.wicked-charts\wicked-charts-wicket7\3.0.0\59d8c8b26bec352981c4383b54b7d57ee1f13d2c\wicked-charts-wicket7-3.0.0.jar;C:\Users\atanasov\.gradle\caches\modules-2\files-2.1\org.springframework.boot\spring-boot-starter-web\1.5.2.RELEASE\27f29876980c079b46be16b759eafe92720f3338\spring-boot-starter-web-1.5.2.RELEASE.jar;C:\Users\atanasov\.gradle\caches\modules-2\files-2.1\org.springframework\spring-webmvc\4.3.14.RELEASE\1571eab8a807005d424ca16fedd54b1f439787b2\spring-webmvc-4.3.14.RELEASE.jar;C:\Users\atanasov\.gradle\caches\modules-2\files-2.1\org.springframework.boot\spring-boot-starter-data-jpa\1.5.2.RELEASE\9e2dfd470f0df4a7ba00a71ca462aeefbd382a4d\spring-boot-starter-data-jpa-1.5
Launcher Type: SUN_STANDARD

Environment Variables:
JAVA_HOME=C:\Program Files\Java\jdk1.8.0_161
PATH=C:\oraclexe\app\oracle\product\11.2.0\server\bin;;C:\Program Files (x86)\Common Files\Oracle\Java\javapath;C:\ProgramData\Oracle\Java\javapath;C:\WINDOWS\system32;C:\WINDOWS;C:\WINDOWS\System32\Wbem;C:\WINDOWS\System32\WindowsPowerShell\v1.0\;C:\Program Files\dotnet\;C:\Program Files\nodejs\;C:\Program Files\Git\cmd;C:\Users\atanasov\AppData\Local\Microsoft\WindowsApps;C:\Users\atanasov\AppData\Local\atom\bin;C:\Users\atanasov\Desktop\terminalMath-master\windows\bin\Release;C:\Program Files\apache-maven-3.5.2\bin;C:\Users\atanasov\eclipse-workspace\slavicTales\VS_libs;C:\Program Files\Java\jdk1.8.0_161\bin;C:\Users\atanasov\AppData\Local\Microsoft\WindowsApps;;C:\Program Files\Microsoft VS Code\bin
USERNAME=atanasov
OS=Windows_NT
PROCESSOR_IDENTIFIER=Intel64 Family 6 Model 58 Stepping 9, GenuineIntel



---------------  S Y S T E M  ---------------

OS: Windows 10.0 , 64 bit Build 16299 (10.0.16299.431)

CPU:total 8 (initial active 8) (4 cores per cpu, 2 threads per core) family 6 model 58 stepping 9, cmov, cx8, fxsr, mmx, sse, sse2, sse3, ssse3, sse4.1, sse4.2, popcnt, avx, aes, clmul, erms, ht, tsc, tscinvbit, tscinv

Memory: 4k page, physical 33458876k(19347000k free), swap 38439612k(19911492k free)

vm_info: Java HotSpot(TM) 64-Bit Server VM (25.161-b12) for windows-amd64 JRE (1.8.0_161-b12), built on Dec 19 2017 17:52:25 by "java_re" with MS VC++ 10.0 (VS2010)

time: Fri Jun 15 12:02:56 2018
elapsed time: 15 seconds (0d 0h 0m 15s)

